<?xml version="1.0" encoding="utf-8"?><testsuites name="pytest tests"><testsuite name="pytest" errors="0" failures="0" skipped="0" tests="29" time="10.257" timestamp="2026-03-30T12:56:58.554550+00:00" hostname="agent-env-2bb52904-23e1-4112-adc6-10725ec2f3a0"><testcase classname="backend.tests.test_api_comprehensive.TestAuthEndpoints" name="test_register_or_login_personal" time="0.574" /><testcase classname="backend.tests.test_api_comprehensive.TestAuthEndpoints" name="test_register_or_login_business" time="0.469" /><testcase classname="backend.tests.test_api_comprehensive.TestAuthEndpoints" name="test_register_or_login_admin" time="0.349" /><testcase classname="backend.tests.test_api_comprehensive.TestAuthEndpoints" name="test_login_invalid_credentials" time="0.170" /><testcase classname="backend.tests.test_api_comprehensive.TestVideoEndpoints" name="test_video_feed_loads" time="0.161" /><testcase classname="backend.tests.test_api_comprehensive.TestVideoEndpoints" name="test_video_search" time="0.137" /><testcase classname="backend.tests.test_api_comprehensive.TestUserEndpoints" name="test_get_current_user" time="0.502" /><testcase classname="backend.tests.test_api_comprehensive.TestUserEndpoints" name="test_get_current_user_no_auth" time="0.152" /><testcase classname="backend.tests.test_api_comprehensive.TestTipEndpoints" name="test_tip_initiate_endpoint_reachable" time="0.776" /><testcase classname="backend.tests.test_api_comprehensive.TestTipEndpoints" name="test_tip_status_endpoint_reachable" time="0.144" /><testcase classname="backend.tests.test_api_comprehensive.TestFundraiserEndpoints" name="test_fundraiser_create_business_account" time="0.448" /><testcase classname="backend.tests.test_api_comprehensive.TestFundraiserEndpoints" name="test_fundraiser_create_personal_account_rejected" time="0.430" /><testcase classname="backend.tests.test_api_comprehensive.TestFundraiserEndpoints" name="test_fundraiser_list" time="0.106" /><testcase classname="backend.tests.test_api_comprehensive.TestFundraiserEndpoints" name="test_fundraiser_contribute_endpoint_reachable" time="0.628" /><testcase classname="backend.tests.test_api_comprehensive.TestFundraiserEndpoints" name="test_fundraiser_status_endpoint_reachable" time="0.164" /><testcase classname="backend.tests.test_api_comprehensive.TestStripeWebhook" name="test_webhook_endpoint_exists" time="0.124" /><testcase classname="backend.tests.test_api_comprehensive.TestLiveStreamingRoutes" name="test_active_streams_endpoint" time="0.105" /><testcase classname="backend.tests.test_api_comprehensive.TestPrivacySettingsRoutes" name="test_get_privacy_settings" time="0.431" /><testcase classname="backend.tests.test_api_comprehensive.TestPrivacySettingsRoutes" name="test_update_privacy_settings" time="0.451" /><testcase classname="backend.tests.test_api_comprehensive.TestAdminRoutes" name="test_admin_stats_requires_auth" time="0.108" /><testcase classname="backend.tests.test_api_comprehensive.TestAdminRoutes" name="test_admin_stats_requires_admin" time="0.433" /><testcase classname="backend.tests.test_api_comprehensive.TestAdminRoutes" name="test_admin_stats_with_admin" time="0.454" /><testcase classname="backend.tests.test_api_comprehensive.TestAdminRoutes" name="test_admin_analytics_timeseries" time="0.453" /><testcase classname="backend.tests.test_api_comprehensive.TestAdminRoutes" name="test_admin_analytics_engagement" time="0.481" /><testcase classname="backend.tests.test_api_comprehensive.TestNotificationsEndpoint" name="test_get_notifications" time="0.530" /><testcase classname="backend.tests.test_api_comprehensive.TestCreatorSpotlight" name="test_creator_spotlight" time="0.161" /><testcase classname="backend.tests.test_api_comprehensive.TestCloudinarySignature" name="test_cloudinary_signature" time="0.425" /><testcase classname="backend.tests.test_api_comprehensive.TestCommentEndpoints" name="test_get_video_comments" time="0.208" /><testcase classname="backend.tests.test_api_comprehensive.TestCommentEndpoints" name="test_create_comment" time="0.579" /></testsuite></testsuites>